0 verbose cli /usr/bin/node /usr/lib/node_modules/npm/bin/npm-cli.js
1 info using npm@10.8.2
2 info using node@v20.20.2
3 silly config load:file:/usr/lib/node_modules/npm/npmrc
4 silly config load:file:/var/www/haas-frontend/.npmrc
5 silly config load:file:/var/www/.npmrc
6 silly config load:file:/usr/etc/npmrc
7 verbose title npm exec next build
8 verbose argv "exec" "--" "next" "build"
9 verbose logfile logs-max:10 dir:/var/www/.npm/_logs/2026-06-09T21_44_48_394Z-
10 verbose logfile /var/www/.npm/_logs/2026-06-09T21_44_48_394Z-debug-0.log
11 silly logfile done cleaning log files
12 http fetch GET 200 https://registry.npmjs.org/npm 977ms
13 verbose cwd /var/www/haas-frontend
14 verbose os Linux 6.8.0-124-generic
15 verbose node v20.20.2
16 verbose npm  v10.8.2
17 notice
17 notice New [31mmajor[39m version of npm available! [31m10.8.2[39m -> [34m11.16.0[39m
17 notice Changelog: [34mhttps://github.com/npm/cli/releases/tag/v11.16.0[39m
17 notice To update run: [4mnpm install -g npm@11.16.0[24m
17 notice  { force: true, [Symbol(proc-log.meta)]: true }
18 verbose exit 1
19 verbose code 1
